195 1
73 2
192 3
94 4
196 5
140 6
129 7
46 8
163 9
265 10
185 11
351 12
366 13
136 14
475 15
199 16
172 17
474 18
182 19
145 20
435 21
379 22
213 23
395 24
36 25
257 26
391 27
190 28
250 29
218 30
303 31
229 32
418 33
219 34
484 35
66 36
489 37
301 38
335 39
102 40
441 41
197 42
216 43
510 44
108 45
276 46
292 47
496 48
309 49
413 50
258 51
409 52
99 53
106 54
490 55
398 56
55 57
87 58
47 59
284 60
124 61
310 62
151 63
487 64
17 65
134 66
478 67
394 68
1 69
300 70
295 71
79 72
438 73
21 74
161 75
144 76
275 77
342 78
433 79
128 80
346 81
368 82
23 83
80 84
222 85
289 86
312 87
37 88
343 89
432 90
393 91
52 92
237 93
170 94
485 95
96 96
443 97
242 98
417 99
202 100
256 101
399 102
175 103
338 104
503 105
311 106
159 107
56 108
440 109
63 110
221 111
476 112
280 113
488 114
174 115
344 116
511 117
378 118
373 119
45 120
240 121
50 122
78 123
241 124
466 125
388 126
60 127
319 128
415 129
84 130
233 131
75 132
458 133
150 134
402 135
330 136
211 137
389 138
508 139
421 140
291 141
285 142
470 143
314 144
166 145
43 146
71 147
83 148
176 149
296 150
324 151
194 152
162 153
307 154
463 155
34 156
341 157
81 158
61 159
347 160
429 161
249 162
184 163
154 164
455 165
353 166
191 167
506 168
245 169
153 170
149 171
321 172
215 173
24 174
42 175
224 176
208 177
88 178
358 179
165 180
323 181
304 182
59 183
355 184
385 185
337 186
428 187
340 188
444 189
350 190
270 191
9 192
33 193
157 194
375 195
315 196
436 197
209 198
264 199
483 200
2 201
471 202
35 203
141 204
354 205
332 206
461 207
372 208
39 209
125 210
123 211
451 212
445 213
62 214
227 215
507 216
118 217
31 218
54 219
425 220
49 221
437 222
131 223
434 224
167 225
104 226
283 227
179 228
4 229
459 230
328 231
426 232
148 233
390 234
119 235
473 236
397 237
281 238
279 239
374 240
454 241
462 242
77 243
327 244
261 245
8 246
198 247
158 248
41 249
457 250
38 251
430 252
98 253
362 254
212 255
235 256
274 257
5 258
348 259
53 260
367 261
76 262
189 263
142 264
401 265
109 266
384 267
3 268
424 269
273 270
100 271
411 272
339 273
169 274
468 275
492 276
135 277
495 278
479 279
298 280
365 281
103 282
127 283
32 284
25 285
133 286
416 287
308 288
115 289
464 290
299 291
85 292
410 293
58 294
120 295
20 296
363 297
370 298
377 299
22 300
168 301
334 302
44 303
253 304
28 305
359 306
452 307
72 308
117 309
187 310
137 311
207 312
97 313
294 314
469 315
15 316
306 317
502 318
286 319
302 320
69 321
107 322
336 323
27 324
48 325
252 326
68 327
259 328
147 329
313 330
214 331
356 332
40 333
497 334
400 335
86 336
121 337
217 338
251 339
269 340
155 341
146 342
293 343
230 344
236 345
183 346
225 347
505 348
439 349
331 350
90 351
7 352
82 353
263 354
361 355
325 356
357 357
181 358
383 359
186 360
89 361
262 362
491 363
226 364
223 365
345 366
114 367
448 368
64 369
246 370
247 371
501 372
380 373
122 374
65 375
450 376
267 377
423 378
248 379
369 380
171 381
228 382
70 383
173 384
272 385
453 386
392 387
472 388
405 389
10 390
51 391
164 392
6 393
203 394
206 395
152 396
381 397
480 398
138 399
95 400
19 401
244 402
465 403
446 404
364 405
360 406
255 407
322 408
494 409
238 410
271 411
243 412
112 413
318 414
297 415
204 416
132 417
116 418
232 419
278 420
277 421
504 422
482 423
266 424
268 425
11 426
371 427
320 428
101 429
91 430
156 431
288 432
326 433
403 434
92 435
193 436
220 437
234 438
105 439
16 440
404 441
26 442
180 443
500 444
467 445
396 446
460 447
178 448
29 449
201 450
110 451
481 452
13 453
160 454
442 455
287 456
329 457
477 458
431 459
130 460
422 461
382 462
57 463
407 464
499 465
231 466
30 467
493 468
419 469
188 470
210 471
509 472
254 473
200 474
349 475
12 476
352 477
316 478
408 479
386 480
512 481
126 482
93 483
387 484
282 485
427 486
412 487
447 488
177 489
111 490
290 491
74 492
333 493
239 494
414 495
67 496
14 497
317 498
420 499
305 500
486 501
456 502
498 503
18 504
449 505
406 506
143 507
260 508
376 509
139 510
205 511
113 512
